build/app/outputs/mapping/release/seeds.txt
io.flutter.embedding.engine.FlutterJNI: long nativeAttach(io.flutter.embedding.engine.FlutterJNI)
androidx.window.layout.HardwareFoldingFeature$Type$Companion: androidx.window.layout.HardwareFoldingFeature$Type getHINGE()
androidx.window.core.Version: Version(int,int,int,java.lang.String,kotlin.jvm.internal.DefaultConstructorMarker)
io.flutter.embedding.engine.mutatorsstack.FlutterMutatorsStack: java.util.List getMutators()
androidx.window.embedding.ExtensionEmbeddingBackend: void unregisterRule(androidx.window.embedding.EmbeddingRule)
androidx.window.layout.WindowMetrics: WindowMetrics(androidx.window.core.Bounds)
kotlin.jvm.internal.CallableReference: CallableReference(java.lang.Object,java.lang.Class,java.lang.String,java.lang.String,boolean)
io.flutter.embedding.android.FlutterView$ZeroSides: io.flutter.embedding.android.FlutterView$ZeroSides valueOf(java.lang.String)
androidx.window.embedding.EmbeddingAdapter: java.util.function.Predicate translateIntentPredicates(java.util.Set)
io.flutter.embedding.engine.FlutterJNI: FlutterJNI()
io.flutter.embedding.engine.FlutterJNI: void setPlatformMessageHandler(io.flutter.embedding.engine.dart.PlatformMessageHandler)
androidx.window.java.layout.WindowInfoTrackerCallbackAdapter$addListener$1$1: java.lang.Object invokeSuspend(java.lang.Object)
androidx.window.embedding.EmbeddingAdapter: boolean translateParentMetricsPredicate$lambda-4(androidx.window.embedding.SplitRule,android.view.WindowMetrics)
kotlin.jvm.internal.CallableReference: java.util.List getParameters()
androidx.window.embedding.EmbeddingAdapter: boolean translateActivityPairPredicates$lambda-1(androidx.window.embedding.EmbeddingAdapter,java.util.Set,android.util.Pair)
androidx.window.embedding.SplitInfo: boolean equals(java.lang.Object)
io.flutter.embedding.engine.systemchannels.TextInputChannel$TextCapitalization: io.flutter.embedding.engine.systemchannels.TextInputChannel$TextCapitalization valueOf(java.lang.String)
io.flutter.embedding.engine.FlutterJNI: void handlePlatformMessage(java.lang.String,java.nio.ByteBuffer,int,long)
io.flutter.embedding.engine.FlutterJNI: void setSemanticsEnabled(boolean)
androidx.window.embedding.ExtensionEmbeddingBackend$SplitListenerWrapper: void accept(java.util.List)
androidx.core.content.ContextCompat$Api28Impl: java.util.concurrent.Executor getMainExecutor(android.content.Context)
androidx.window.layout.SidecarCompat$FirstAttachAdapter: SidecarCompat$FirstAttachAdapter(androidx.window.layout.SidecarCompat,android.app.Activity)
androidx.window.layout.HardwareFoldingFeature$Type$Companion: HardwareFoldingFeature$Type$Companion()
androidx.window.core.Version: java.math.BigInteger getBigInteger()
androidx.window.core.Version$Companion: androidx.window.core.Version getCURRENT()
io.flutter.plugin.editing.ImeSyncDeferringInsetsCallback: void remove()
io.flutter.embedding.engine.FlutterJNI: void dispatchSemanticsAction(int,io.flutter.view.AccessibilityBridge$Action,java.lang.Object)
io.flutter.embedding.engine.FlutterJNI: void setAsyncWaitForVsyncDelegate(io.flutter.embedding.engine.FlutterJNI$AsyncWaitForVsyncDelegate)
androidx.window.layout.FoldingFeature: androidx.window.layout.FoldingFeature$State getState()
androidx.window.layout.SidecarCompat: SidecarCompat(android.content.Context)
androidx.window.core.Bounds: boolean isEmpty()
androidx.window.layout.FoldingFeature$State: FoldingFeature$State(java.lang.String)
androidx.window.layout.HardwareFoldingFeature: int hashCode()
com.example.tif_assignment.MainActivity: MainActivity()
androidx.window.layout.SidecarAdapter$Companion: SidecarAdapter$Companion()
androidx.window.layout.ExtensionWindowLayoutInfoBackend: ExtensionWindowLayoutInfoBackend(androidx.window.extensions.layout.WindowLayoutComponent)
androidx.window.layout.WindowMetricsCalculator$Companion$overrideDecorator$1: WindowMetricsCalculator$Companion$overrideDecorator$1(java.lang.Object)
androidx.window.embedding.SplitPairRule: boolean getClearTop()