build/app/outputs/mapping/release/mapping.txt
# compiler: R8
# compiler_version: 3.1.66
# min_api: 16
# pg_map_id: 7005465
# common_typos_disable
# {"id":"com.android.tools.r8.mapping","version":"1.0"}
...
kotlinx.coroutines.EventLoopKt -> s0.c1:
    kotlinx.coroutines.EventLoop createEventLoop() -> a
kotlinx.coroutines.EventLoop_commonKt -> s0.d1:
    kotlinx.coroutines.internal.Symbol DISPOSED_TASK -> a
    kotlinx.coroutines.internal.Symbol CLOSED_EMPTY -> b
    kotlinx.coroutines.internal.Symbol access$getCLOSED_EMPTY$p() -> a
    kotlinx.coroutines.internal.Symbol access$getDISPOSED_TASK$p() -> b
kotlinx.coroutines.ExceptionsKt -> s0.e1:
    java.util.concurrent.CancellationException CancellationException(java.lang.String,java.lang.Throwable) -> a
kotlinx.coroutines.ExecutorCoroutineDispatcher -> s0.f1:
    kotlinx.coroutines.ExecutorCoroutineDispatcher$Key Key -> e
kotlinx.coroutines.ExecutorCoroutineDispatcher$Key -> s0.f1$a:
kotlinx.coroutines.ExecutorCoroutineDispatcher$Key$1 -> s0.f1$a$a:
    kotlinx.coroutines.ExecutorCoroutineDispatcher$Key$1 INSTANCE -> d
    kotlinx.coroutines.ExecutorCoroutineDispatcher invoke(kotlin.coroutines.CoroutineContext$Element) -> a
kotlinx.coroutines.ExecutorCoroutineDispatcherImpl -> s0.g1:
    java.util.concurrent.Executor executor -> f
    void dispatch(kotlin.coroutines.CoroutineContext,java.lang.Runnable) -> i
    void cancelJobOnRejection(kotlin.coroutines.CoroutineContext,java.util.concurrent.RejectedExecutionException) -> q
    java.util.concurrent.Executor getExecutor() -> r
kotlinx.coroutines.ExecutorsKt -> s0.h1:
    kotlinx.coroutines.CoroutineDispatcher from(java.util.concurrent.Executor) -> a
kotlinx.coroutines.InactiveNodeList -> s0.i1:
    kotlinx.coroutines.NodeList list -> d
    boolean isActive() -> a
    kotlinx.coroutines.NodeList getList() -> c
kotlinx.coroutines.Incomplete -> s0.j1:
    boolean isActive() -> a
    kotlinx.coroutines.NodeList getList() -> c
kotlinx.coroutines.IncompleteStateBox -> s0.k1:
    kotlinx.coroutines.Incomplete state -> a
kotlinx.coroutines.InvokeOnCancel -> s0.l1:
    kotlin.jvm.functions.Function1 handler -> d
    void invoke(java.lang.Throwable) -> a
kotlinx.coroutines.InvokeOnCancelling -> s0.m1:
    kotlin.jvm.functions.Function1 handler -> h
    java.util.concurrent.atomic.AtomicIntegerFieldUpdater _invoked$FU -> i
    void invoke(java.lang.Throwable) -> y
kotlinx.coroutines.InvokeOnCompletion -> s0.n1:
    kotlin.jvm.functions.Function1 handler -> h
    void invoke(java.lang.Throwable) -> y
kotlinx.coroutines.Job -> s0.o1:
    kotlinx.coroutines.Job$Key Key -> c
    boolean isActive() -> a
    void cancel(java.util.concurrent.CancellationException) -> d
    kotlinx.coroutines.ChildHandle attachChild(kotlinx.coroutines.ChildJob) -> h
    java.util.concurrent.CancellationException getCancellationException() -> j
    boolean start() -> k
    kotlinx.coroutines.DisposableHandle invokeOnCompletion(boolean,boolean,kotlin.jvm.functions.Function1) -> n
kotlinx.coroutines.Job$DefaultImpls -> s0.o1$a:
    void cancel$default(kotlinx.coroutines.Job,java.util.concurrent.CancellationException,int,java.lang.Object) -> a
    java.lang.Object fold(kotlinx.coroutines.Job,java.lang.Object,kotlin.jvm.functions.Function2) -> b
    kotlin.coroutines.CoroutineContext$Element get(kotlinx.coroutines.Job,kotlin.coroutines.CoroutineContext$Key) -> c
    kotlinx.coroutines.DisposableHandle invokeOnCompletion$default(kotlinx.coroutines.Job,boolean,boolean,kotlin.jvm.functions.Function1,int,java.lang.Object) -> d
    kotlin.coroutines.CoroutineContext minusKey(kotlinx.coroutines.Job,kotlin.coroutines.CoroutineContext$Key) -> e
    kotlin.coroutines.CoroutineContext plus(kotlinx.coroutines.Job,kotlin.coroutines.CoroutineContext) -> f
kotlinx.coroutines.Job$Key -> s0.o1$b:
    kotlinx.coroutines.Job$Key $$INSTANCE -> d
kotlinx.coroutines.JobCancellationException -> s0.p1:
    kotlinx.coroutines.Job job -> d
    java.lang.Throwable createCopy() -> a
    kotlinx.coroutines.JobCancellationException createCopy() -> b
kotlinx.coroutines.JobCancellingNode -> s0.q1: