build/app/outputs/mapping/release/usage.txt
kotlin.collections.CollectionsKt__MutableCollectionsKt:
    public void <init>()
    public static final boolean addAll(java.util.Collection,kotlin.sequences.Sequence)
    public static final boolean addAll(java.util.Collection,java.lang.Object[])
    private static final boolean filterInPlace$CollectionsKt__MutableCollectionsKt(java.lang.Iterable,kotlin.jvm.functions.Function1,boolean)
    private static final boolean filterInPlace$CollectionsKt__MutableCollectionsKt(java.util.List,kotlin.jvm.functions.Function1,boolean)
    private static final void minusAssign(java.util.Collection,java.lang.Iterable)
    private static final void minusAssign(java.util.Collection,java.lang.Object)
    private static final void minusAssign(java.util.Collection,kotlin.sequences.Sequence)
    private static final void minusAssign(java.util.Collection,java.lang.Object[])
    private static final void plusAssign(java.util.Collection,java.lang.Iterable)
    private static final void plusAssign(java.util.Collection,java.lang.Object)
    private static final void plusAssign(java.util.Collection,kotlin.sequences.Sequence)
    private static final void plusAssign(java.util.Collection,java.lang.Object[])
    private static final java.lang.Object remove(java.util.List,int)
    private static final boolean remove(java.util.Collection,java.lang.Object)
    public static final boolean removeAll(java.lang.Iterable,kotlin.jvm.functions.Function1)
kotlin.collections.CollectionsKt__ReversedViewsKt:
    public void <init>()
    public static final synthetic int access$reverseElementIndex(java.util.List,int)
    public static final synthetic int access$reversePositionIndex(java.util.List,int)
    public static final java.util.List asReversed(java.util.List)
    public static final java.util.List asReversedMutable(java.util.List)
    private static final int reverseElementIndex$CollectionsKt__ReversedViewsKt(java.util.List,int)
    private static final int reversePositionIndex$CollectionsKt__ReversedViewsKt(java.util.List,int)
kotlin.collections.CollectionsKt___CollectionsJvmKt:
    public void <init>()
    public static final java.util.List filterIsInstance(java.lang.Iterable,java.lang.Class)
    public static final java.util.Collection filterIsInstanceTo(java.lang.Iterable,java.util.Collection,java.lang.Class)
    public static final synthetic java.lang.Comparable max(java.lang.Iterable)
    public static final synthetic java.lang.Double max(java.lang.Iterable)
    public static final synthetic java.lang.Float max(java.lang.Iterable)
    public static final synthetic java.lang.Object maxBy(java.lang.Iterable,kotlin.jvm.functions.Function1)
    public static final synthetic java.lang.Object maxWith(java.lang.Iterable,java.util.Comparator)
    public static final synthetic java.lang.Comparable min(java.lang.Iterable)
    public static final synthetic java.lang.Double min(java.lang.Iterable)
    public static final synthetic java.lang.Float min(java.lang.Iterable)
    public static final synthetic java.lang.Object minBy(java.lang.Iterable,kotlin.jvm.functions.Function1)
    public static final synthetic java.lang.Object minWith(java.lang.Iterable,java.util.Comparator)
    public static final void reverse(java.util.List)
    private static final java.math.BigDecimal sumOfBigDecimal(java.lang.Iterable,kotlin.jvm.functions.Function1)
    private static final java.math.BigInteger sumOfBigInteger(java.lang.Iterable,kotlin.jvm.functions.Function1)
kotlin.collections.CollectionsKt___CollectionsKt$asSequence$$inlined$Sequence$1
kotlin.collections.CollectionsKt___CollectionsKt$elementAt$1
kotlin.collections.CollectionsKt___CollectionsKt$groupingBy$1
kotlin.collections.CollectionsKt___CollectionsKt$withIndex$1